v==============Cycle Counter =     0==============v

[IF ]: Instruction [01e41eb3]@[00001000]: sll	x29, x8, x30
[ID ]: Instruction [00000000]@[00000000]: 
[EX ]: Instruction [00000000]@[00000000]: 
[MEM]: Instruction [00000000]@[00000000]: 
[WB ]: Instruction [00000000]@[00000000]: 
r 0=00000000 r 1=00000004 r 2=000effff r 3=00003000 
r 4=00000004 r 5=00000004 r 6=00000004 r 7=00000004 
r 8=00000004 r 9=00000004 r10=00000004 r11=00000004 
r12=00000004 r13=00000004 r14=00000004 r15=00000004 
r16=00000004 r17=00000004 r18=00000004 r19=00000004 
r20=00000004 r21=00000004 r22=00000004 r23=00000004 
r24=00000004 r25=00000004 r26=00000004 r27=00000004 
r28=00000004 r29=00000004 r30=00000004 r31=00000004 

v==============Cycle Counter =     1==============v

[IF ]: Instruction [00000013]@[00001004]: addi	x0, x0, 0
[ID ]: Instruction [01e41eb3]@[00001000]: sll	x29, x8, x30
[EX ]: Instruction [00000000]@[00000000]: 
[MEM]: Instruction [00000000]@[00000000]: 
[WB ]: Instruction [00000000]@[00000000]: 
r 0=00000000 r 1=00000004 r 2=000effff r 3=00003000 
r 4=00000004 r 5=00000004 r 6=00000004 r 7=00000004 
r 8=00000004 r 9=00000004 r10=00000004 r11=00000004 
r12=00000004 r13=00000004 r14=00000004 r15=00000004 
r16=00000004 r17=00000004 r18=00000004 r19=00000004 
r20=00000004 r21=00000004 r22=00000004 r23=00000004 
r24=00000004 r25=00000004 r26=00000004 r27=00000004 
r28=00000004 r29=00000004 r30=00000004 r31=00000004 

v==============Cycle Counter =     2==============v

[IF ]: Instruction [00000013]@[00001008]: addi	x0, x0, 0
[ID ]: Instruction [00000013]@[00001004]: addi	x0, x0, 0
[EX ]: Instruction [01e41eb3]@[00001000]: sll	x29, x8, x30
[MEM]: Instruction [00000000]@[00000000]: 
[WB ]: Instruction [00000000]@[00000000]: 
r 0=00000000 r 1=00000004 r 2=000effff r 3=00003000 
r 4=00000004 r 5=00000004 r 6=00000004 r 7=00000004 
r 8=00000004 r 9=00000004 r10=00000004 r11=00000004 
r12=00000004 r13=00000004 r14=00000004 r15=00000004 
r16=00000004 r17=00000004 r18=00000004 r19=00000004 
r20=00000004 r21=00000004 r22=00000004 r23=00000004 
r24=00000004 r25=00000004 r26=00000004 r27=00000004 
r28=00000004 r29=00000004 r30=00000004 r31=00000004 

v==============Cycle Counter =     3==============v

[IF ]: Instruction [00000013]@[0000100c]: addi	x0, x0, 0
[ID ]: Instruction [00000013]@[00001008]: addi	x0, x0, 0
[EX ]: Instruction [00000013]@[00001004]: addi	x0, x0, 0
[MEM]: Instruction [01e41eb3]@[00001000]: sll	x29, x8, x30
[WB ]: Instruction [00000000]@[00000000]: 
r 0=00000000 r 1=00000004 r 2=000effff r 3=00003000 
r 4=00000004 r 5=00000004 r 6=00000004 r 7=00000004 
r 8=00000004 r 9=00000004 r10=00000004 r11=00000004 
r12=00000004 r13=00000004 r14=00000004 r15=00000004 
r16=00000004 r17=00000004 r18=00000004 r19=00000004 
r20=00000004 r21=00000004 r22=00000004 r23=00000004 
r24=00000004 r25=00000004 r26=00000004 r27=00000004 
r28=00000004 r29=00000004 r30=00000004 r31=00000004 

v==============Cycle Counter =     4==============v

[IF ]: Instruction [007ecd33]@[00001010]: xor	x26, x29, x7
[ID ]: Instruction [00000013]@[0000100c]: addi	x0, x0, 0
[EX ]: Instruction [00000013]@[00001008]: addi	x0, x0, 0
[MEM]: Instruction [00000013]@[00001004]: addi	x0, x0, 0
[WB ]: Instruction [01e41eb3]@[00001000]: sll	x29, x8, x30
r 0=00000000 r 1=00000004 r 2=000effff r 3=00003000 
r 4=00000004 r 5=00000004 r 6=00000004 r 7=00000004 
r 8=00000004 r 9=00000004 r10=00000004 r11=00000004 
r12=00000004 r13=00000004 r14=00000004 r15=00000004 
r16=00000004 r17=00000004 r18=00000004 r19=00000004 
r20=00000004 r21=00000004 r22=00000004 r23=00000004 
r24=00000004 r25=00000004 r26=00000004 r27=00000004 
r28=00000004 r29=00000004 r30=00000004 r31=00000004 

v==============Cycle Counter =     5==============v

[IF ]: Instruction [00474d33]@[00001014]: xor	x26, x14, x4
[ID ]: Instruction [007ecd33]@[00001010]: xor	x26, x29, x7
[EX ]: Instruction [00000013]@[0000100c]: addi	x0, x0, 0
[MEM]: Instruction [00000013]@[00001008]: addi	x0, x0, 0
[WB ]: Instruction [00000013]@[00001004]: addi	x0, x0, 0
r 0=00000000 r 1=00000004 r 2=000effff r 3=00003000 
r 4=00000004 r 5=00000004 r 6=00000004 r 7=00000004 
r 8=00000004 r 9=00000004 r10=00000004 r11=00000004 
r12=00000004 r13=00000004 r14=00000004 r15=00000004 
r16=00000004 r17=00000004 r18=00000004 r19=00000004 
r20=00000004 r21=00000004 r22=00000004 r23=00000004 
r24=00000004 r25=00000004 r26=00000004 r27=00000004 
r28=00000004 r29=00000004 r30=00000004 r31=00000004 

v==============Cycle Counter =     6==============v

[IF ]: Instruction [02470d33]@[00001018]: mul	x26, x14, x4
[ID ]: Instruction [00474d33]@[00001014]: xor	x26, x14, x4
[EX ]: Instruction [007ecd33]@[00001010]: xor	x26, x29, x7
[MEM]: Instruction [00000013]@[0000100c]: addi	x0, x0, 0
[WB ]: Instruction [00000013]@[00001008]: addi	x0, x0, 0
r 0=00000000 r 1=00000004 r 2=000effff r 3=00003000 
r 4=00000004 r 5=00000004 r 6=00000004 r 7=00000004 
r 8=00000004 r 9=00000004 r10=00000004 r11=00000004 
r12=00000004 r13=00000004 r14=00000004 r15=00000004 
r16=00000004 r17=00000004 r18=00000004 r19=00000004 
r20=00000004 r21=00000004 r22=00000004 r23=00000004 
r24=00000004 r25=00000004 r26=00000004 r27=00000004 
r28=00000004 r29=00000004 r30=00000004 r31=00000004 

v==============Cycle Counter =     7==============v

[IF ]: Instruction [0043f133]@[0000101c]: and	x2, x7, x4
[ID ]: Instruction [02470d33]@[00001018]: mul	x26, x14, x4
[EX ]: Instruction [00474d33]@[00001014]: xor	x26, x14, x4
[MEM]: Instruction [007ecd33]@[00001010]: xor	x26, x29, x7
[WB ]: Instruction [00000013]@[0000100c]: addi	x0, x0, 0
r 0=00000000 r 1=00000004 r 2=000effff r 3=00003000 
r 4=00000004 r 5=00000004 r 6=00000004 r 7=00000004 
r 8=00000004 r 9=00000004 r10=00000004 r11=00000004 
r12=00000004 r13=00000004 r14=00000004 r15=00000004 
r16=00000004 r17=00000004 r18=00000004 r19=00000004 
r20=00000004 r21=00000004 r22=00000004 r23=00000004 
r24=00000004 r25=00000004 r26=00000004 r27=00000004 
r28=00000004 r29=00000004 r30=00000004 r31=00000004 

v==============Cycle Counter =     8==============v

[IF ]: Instruction [00000013]@[00001020]: addi	x0, x0, 0
[ID ]: Instruction [0043f133]@[0000101c]: and	x2, x7, x4
[EX ]: Instruction [02470d33]@[00001018]: mul	x26, x14, x4
[MEM]: Instruction [00474d33]@[00001014]: xor	x26, x14, x4
[WB ]: Instruction [007ecd33]@[00001010]: xor	x26, x29, x7
r 0=00000000 r 1=00000004 r 2=000effff r 3=00003000 
r 4=00000004 r 5=00000004 r 6=00000004 r 7=00000004 
r 8=00000004 r 9=00000004 r10=00000004 r11=00000004 
r12=00000004 r13=00000004 r14=00000004 r15=00000004 
r16=00000004 r17=00000004 r18=00000004 r19=00000004 
r20=00000004 r21=00000004 r22=00000004 r23=00000004 
r24=00000004 r25=00000004 r26=00000004 r27=00000004 
r28=00000004 r29=00000004 r30=00000004 r31=00000004 

v==============Cycle Counter =     9==============v

[IF ]: Instruction [00000013]@[00001024]: addi	x0, x0, 0
[ID ]: Instruction [00000013]@[00001020]: addi	x0, x0, 0
[EX ]: Instruction [0043f133]@[0000101c]: and	x2, x7, x4
[MEM]: Instruction [02470d33]@[00001018]: mul	x26, x14, x4
[WB ]: Instruction [00474d33]@[00001014]: xor	x26, x14, x4
r 0=00000000 r 1=00000004 r 2=000effff r 3=00003000 
r 4=00000004 r 5=00000004 r 6=00000004 r 7=00000004 
r 8=00000004 r 9=00000004 r10=00000004 r11=00000004 
r12=00000004 r13=00000004 r14=00000004 r15=00000004 
r16=00000004 r17=00000004 r18=00000004 r19=00000004 
r20=00000004 r21=00000004 r22=00000004 r23=00000004 
r24=00000004 r25=00000004 r26=00000004 r27=00000004 
r28=00000004 r29=00000004 r30=00000004 r31=00000004 

v==============Cycle Counter =    10==============v

[IF ]: Instruction [01ae8933]@[00001028]: add	x18, x29, x26
[ID ]: Instruction [00000013]@[00001024]: addi	x0, x0, 0
[EX ]: Instruction [00000013]@[00001020]: addi	x0, x0, 0
[MEM]: Instruction [0043f133]@[0000101c]: and	x2, x7, x4
[WB ]: Instruction [02470d33]@[00001018]: mul	x26, x14, x4
r 0=00000000 r 1=00000004 r 2=000effff r 3=00003000 
r 4=00000004 r 5=00000004 r 6=00000004 r 7=00000004 
r 8=00000004 r 9=00000004 r10=00000004 r11=00000004 
r12=00000004 r13=00000004 r14=00000004 r15=00000004 
r16=00000004 r17=00000004 r18=00000004 r19=00000004 
r20=00000004 r21=00000004 r22=00000004 r23=00000004 
r24=00000004 r25=00000004 r26=00000004 r27=00000004 
r28=00000004 r29=00000004 r30=00000004 r31=00000004 

v==============Cycle Counter =    11==============v

[IF ]: Instruction [01dd2433]@[0000102c]: slt	x8, x26, x29
[ID ]: Instruction [01ae8933]@[00001028]: add	x18, x29, x26
[EX ]: Instruction [00000013]@[00001024]: addi	x0, x0, 0
[MEM]: Instruction [00000013]@[00001020]: addi	x0, x0, 0
[WB ]: Instruction [0043f133]@[0000101c]: and	x2, x7, x4
r 0=00000000 r 1=00000004 r 2=000effff r 3=00003000 
r 4=00000004 r 5=00000004 r 6=00000004 r 7=00000004 
r 8=00000004 r 9=00000004 r10=00000004 r11=00000004 
r12=00000004 r13=00000004 r14=00000004 r15=00000004 
r16=00000004 r17=00000004 r18=00000004 r19=00000004 
r20=00000004 r21=00000004 r22=00000004 r23=00000004 
r24=00000004 r25=00000004 r26=00000004 r27=00000004 
r28=00000004 r29=00000004 r30=00000004 r31=00000004 

v==============Cycle Counter =    12==============v

[IF ]: Instruction [02e20133]@[00001030]: mul	x2, x4, x14
[ID ]: Instruction [01dd2433]@[0000102c]: slt	x8, x26, x29
[EX ]: Instruction [01ae8933]@[00001028]: add	x18, x29, x26
[MEM]: Instruction [00000013]@[00001024]: addi	x0, x0, 0
[WB ]: Instruction [00000013]@[00001020]: addi	x0, x0, 0
r 0=00000000 r 1=00000004 r 2=000effff r 3=00003000 
r 4=00000004 r 5=00000004 r 6=00000004 r 7=00000004 
r 8=00000004 r 9=00000004 r10=00000004 r11=00000004 
r12=00000004 r13=00000004 r14=00000004 r15=00000004 
r16=00000004 r17=00000004 r18=00000004 r19=00000004 
r20=00000004 r21=00000004 r22=00000004 r23=00000004 
r24=00000004 r25=00000004 r26=00000004 r27=00000004 
r28=00000004 r29=00000004 r30=00000004 r31=00000004 

v==============Cycle Counter =    13==============v

[IF ]: Instruction [00000013]@[00001034]: addi	x0, x0, 0
[ID ]: Instruction [02e20133]@[00001030]: mul	x2, x4, x14
[EX ]: Instruction [01dd2433]@[0000102c]: slt	x8, x26, x29
[MEM]: Instruction [01ae8933]@[00001028]: add	x18, x29, x26
[WB ]: Instruction [00000013]@[00001024]: addi	x0, x0, 0
r 0=00000000 r 1=00000004 r 2=000effff r 3=00003000 
r 4=00000004 r 5=00000004 r 6=00000004 r 7=00000004 
r 8=00000004 r 9=00000004 r10=00000004 r11=00000004 
r12=00000004 r13=00000004 r14=00000004 r15=00000004 
r16=00000004 r17=00000004 r18=00000004 r19=00000004 
r20=00000004 r21=00000004 r22=00000004 r23=00000004 
r24=00000004 r25=00000004 r26=00000004 r27=00000004 
r28=00000004 r29=00000004 r30=00000004 r31=00000004 

v==============Cycle Counter =    14==============v

[IF ]: Instruction [00000013]@[00001038]: addi	x0, x0, 0
[ID ]: Instruction [00000013]@[00001034]: addi	x0, x0, 0
[EX ]: Instruction [02e20133]@[00001030]: mul	x2, x4, x14
[MEM]: Instruction [01dd2433]@[0000102c]: slt	x8, x26, x29
[WB ]: Instruction [01ae8933]@[00001028]: add	x18, x29, x26
r 0=00000000 r 1=00000004 r 2=000effff r 3=00003000 
r 4=00000004 r 5=00000004 r 6=00000004 r 7=00000004 
r 8=00000004 r 9=00000004 r10=00000004 r11=00000004 
r12=00000004 r13=00000004 r14=00000004 r15=00000004 
r16=00000004 r17=00000004 r18=00000004 r19=00000004 
r20=00000004 r21=00000004 r22=00000004 r23=00000004 
r24=00000004 r25=00000004 r26=00000004 r27=00000004 
r28=00000004 r29=00000004 r30=00000004 r31=00000004 

v==============Cycle Counter =    15==============v

[IF ]: Instruction [00000013]@[0000103c]: addi	x0, x0, 0
[ID ]: Instruction [00000013]@[00001038]: addi	x0, x0, 0
[EX ]: Instruction [00000013]@[00001034]: addi	x0, x0, 0
[MEM]: Instruction [02e20133]@[00001030]: mul	x2, x4, x14
[WB ]: Instruction [01dd2433]@[0000102c]: slt	x8, x26, x29
r 0=00000000 r 1=00000004 r 2=000effff r 3=00003000 
r 4=00000004 r 5=00000004 r 6=00000004 r 7=00000004 
r 8=00000004 r 9=00000004 r10=00000004 r11=00000004 
r12=00000004 r13=00000004 r14=00000004 r15=00000004 
r16=00000004 r17=00000004 r18=00000004 r19=00000004 
r20=00000004 r21=00000004 r22=00000004 r23=00000004 
r24=00000004 r25=00000004 r26=00000004 r27=00000004 
r28=00000004 r29=00000004 r30=00000004 r31=00000004 

v==============Cycle Counter =    16==============v

[IF ]: Instruction [03211133]@[00001040]: mulh	x2, x2, x18
[ID ]: Instruction [00000013]@[0000103c]: addi	x0, x0, 0
[EX ]: Instruction [00000013]@[00001038]: addi	x0, x0, 0
[MEM]: Instruction [00000013]@[00001034]: addi	x0, x0, 0
[WB ]: Instruction [02e20133]@[00001030]: mul	x2, x4, x14
r 0=00000000 r 1=00000004 r 2=000effff r 3=00003000 
r 4=00000004 r 5=00000004 r 6=00000004 r 7=00000004 
r 8=00000004 r 9=00000004 r10=00000004 r11=00000004 
r12=00000004 r13=00000004 r14=00000004 r15=00000004 
r16=00000004 r17=00000004 r18=00000004 r19=00000004 
r20=00000004 r21=00000004 r22=00000004 r23=00000004 
r24=00000004 r25=00000004 r26=00000004 r27=00000004 
r28=00000004 r29=00000004 r30=00000004 r31=00000004 

v==============Cycle Counter =    17==============v

[IF ]: Instruction [00000013]@[00001044]: addi	x0, x0, 0
[ID ]: Instruction [03211133]@[00001040]: mulh	x2, x2, x18
[EX ]: Instruction [00000013]@[0000103c]: addi	x0, x0, 0
[MEM]: Instruction [00000013]@[00001038]: addi	x0, x0, 0
[WB ]: Instruction [00000013]@[00001034]: addi	x0, x0, 0
r 0=00000000 r 1=00000004 r 2=000effff r 3=00003000 
r 4=00000004 r 5=00000004 r 6=00000004 r 7=00000004 
r 8=00000004 r 9=00000004 r10=00000004 r11=00000004 
r12=00000004 r13=00000004 r14=00000004 r15=00000004 
r16=00000004 r17=00000004 r18=00000004 r19=00000004 
r20=00000004 r21=00000004 r22=00000004 r23=00000004 
r24=00000004 r25=00000004 r26=00000004 r27=00000004 
r28=00000004 r29=00000004 r30=00000004 r31=00000004 

v==============Cycle Counter =    18==============v

[IF ]: Instruction [00000013]@[00001048]: addi	x0, x0, 0
[ID ]: Instruction [00000013]@[00001044]: addi	x0, x0, 0
[EX ]: Instruction [03211133]@[00001040]: mulh	x2, x2, x18
[MEM]: Instruction [00000013]@[0000103c]: addi	x0, x0, 0
[WB ]: Instruction [00000013]@[00001038]: addi	x0, x0, 0
r 0=00000000 r 1=00000004 r 2=000effff r 3=00003000 
r 4=00000004 r 5=00000004 r 6=00000004 r 7=00000004 
r 8=00000004 r 9=00000004 r10=00000004 r11=00000004 
r12=00000004 r13=00000004 r14=00000004 r15=00000004 
r16=00000004 r17=00000004 r18=00000004 r19=00000004 
r20=00000004 r21=00000004 r22=00000004 r23=00000004 
r24=00000004 r25=00000004 r26=00000004 r27=00000004 
r28=00000004 r29=00000004 r30=00000004 r31=00000004 

v==============Cycle Counter =    19==============v

[IF ]: Instruction [00000013]@[0000104c]: addi	x0, x0, 0
[ID ]: Instruction [00000013]@[00001048]: addi	x0, x0, 0
[EX ]: Instruction [00000013]@[00001044]: addi	x0, x0, 0
[MEM]: Instruction [03211133]@[00001040]: mulh	x2, x2, x18
[WB ]: Instruction [00000013]@[0000103c]: addi	x0, x0, 0
r 0=00000000 r 1=00000004 r 2=000effff r 3=00003000 
r 4=00000004 r 5=00000004 r 6=00000004 r 7=00000004 
r 8=00000004 r 9=00000004 r10=00000004 r11=00000004 
r12=00000004 r13=00000004 r14=00000004 r15=00000004 
r16=00000004 r17=00000004 r18=00000004 r19=00000004 
r20=00000004 r21=00000004 r22=00000004 r23=00000004 
r24=00000004 r25=00000004 r26=00000004 r27=00000004 
r28=00000004 r29=00000004 r30=00000004 r31=00000004 

v==============Cycle Counter =    20==============v

[IF ]: Instruction [01216933]@[00001050]: or	x18, x2, x18
[ID ]: Instruction [00000013]@[0000104c]: addi	x0, x0, 0
[EX ]: Instruction [00000013]@[00001048]: addi	x0, x0, 0
[MEM]: Instruction [00000013]@[00001044]: addi	x0, x0, 0
[WB ]: Instruction [03211133]@[00001040]: mulh	x2, x2, x18
r 0=00000000 r 1=00000004 r 2=000effff r 3=00003000 
r 4=00000004 r 5=00000004 r 6=00000004 r 7=00000004 
r 8=00000004 r 9=00000004 r10=00000004 r11=00000004 
r12=00000004 r13=00000004 r14=00000004 r15=00000004 
r16=00000004 r17=00000004 r18=00000004 r19=00000004 
r20=00000004 r21=00000004 r22=00000004 r23=00000004 
r24=00000004 r25=00000004 r26=00000004 r27=00000004 
r28=00000004 r29=00000004 r30=00000004 r31=00000004 


========
[MAIN]: Flushing pipeline
========
v==============Cycle Counter =    21==============v

[IF ]: Instruction [00000000]@[00001054]: 
[ID ]: Instruction [01216933]@[00001050]: or	x18, x2, x18
[EX ]: Instruction [00000013]@[0000104c]: addi	x0, x0, 0
[MEM]: Instruction [00000013]@[00001048]: addi	x0, x0, 0
[WB ]: Instruction [00000013]@[00001044]: addi	x0, x0, 0
r 0=00000000 r 1=00000004 r 2=000effff r 3=00003000 
r 4=00000004 r 5=00000004 r 6=00000004 r 7=00000004 
r 8=00000004 r 9=00000004 r10=00000004 r11=00000004 
r12=00000004 r13=00000004 r14=00000004 r15=00000004 
r16=00000004 r17=00000004 r18=00000004 r19=00000004 
r20=00000004 r21=00000004 r22=00000004 r23=00000004 
r24=00000004 r25=00000004 r26=00000004 r27=00000004 
r28=00000004 r29=00000004 r30=00000004 r31=00000004 

v==============Cycle Counter =    22==============v

[IF ]: Instruction [00000000]@[00001058]: 
[ID ]: Instruction [00000000]@[00001054]: 
[EX ]: Instruction [01216933]@[00001050]: or	x18, x2, x18
[MEM]: Instruction [00000013]@[0000104c]: addi	x0, x0, 0
[WB ]: Instruction [00000013]@[00001048]: addi	x0, x0, 0
r 0=00000000 r 1=00000004 r 2=000effff r 3=00003000 
r 4=00000004 r 5=00000004 r 6=00000004 r 7=00000004 
r 8=00000004 r 9=00000004 r10=00000004 r11=00000004 
r12=00000004 r13=00000004 r14=00000004 r15=00000004 
r16=00000004 r17=00000004 r18=00000004 r19=00000004 
r20=00000004 r21=00000004 r22=00000004 r23=00000004 
r24=00000004 r25=00000004 r26=00000004 r27=00000004 
r28=00000004 r29=00000004 r30=00000004 r31=00000004 

v==============Cycle Counter =    23==============v

[IF ]: Instruction [00000000]@[0000105c]: 
[ID ]: Instruction [00000000]@[00001058]: 
[EX ]: Instruction [00000000]@[00001054]: 
[MEM]: Instruction [01216933]@[00001050]: or	x18, x2, x18
[WB ]: Instruction [00000013]@[0000104c]: addi	x0, x0, 0
r 0=00000000 r 1=00000004 r 2=000effff r 3=00003000 
r 4=00000004 r 5=00000004 r 6=00000004 r 7=00000004 
r 8=00000004 r 9=00000004 r10=00000004 r11=00000004 
r12=00000004 r13=00000004 r14=00000004 r15=00000004 
r16=00000004 r17=00000004 r18=00000004 r19=00000004 
r20=00000004 r21=00000004 r22=00000004 r23=00000004 
r24=00000004 r25=00000004 r26=00000004 r27=00000004 
r28=00000004 r29=00000004 r30=00000004 r31=00000004 

v==============Cycle Counter =    24==============v

[IF ]: Instruction [00000000]@[00001060]: 
[ID ]: Instruction [00000000]@[0000105c]: 
[EX ]: Instruction [00000000]@[00001058]: 
[MEM]: Instruction [00000000]@[00001054]: 
[WB ]: Instruction [01216933]@[00001050]: or	x18, x2, x18
r 0=00000000 r 1=00000004 r 2=000effff r 3=00003000 
r 4=00000004 r 5=00000004 r 6=00000004 r 7=00000004 
r 8=00000004 r 9=00000004 r10=00000004 r11=00000004 
r12=00000004 r13=00000004 r14=00000004 r15=00000004 
r16=00000004 r17=00000004 r18=00000004 r19=00000004 
r20=00000004 r21=00000004 r22=00000004 r23=00000004 
r24=00000004 r25=00000004 r26=00000004 r27=00000004 
r28=00000004 r29=00000004 r30=00000004 r31=00000004 

v==============Cycle Counter =    25==============v

[IF ]: Instruction [00000000]@[00001064]: 
[ID ]: Instruction [00000000]@[00001060]: 
[EX ]: Instruction [00000000]@[0000105c]: 
[MEM]: Instruction [00000000]@[00001058]: 
[WB ]: Instruction [00000000]@[00001054]: 
r 0=00000000 r 1=00000004 r 2=000effff r 3=00003000 
r 4=00000004 r 5=00000004 r 6=00000004 r 7=00000004 
r 8=00000004 r 9=00000004 r10=00000004 r11=00000004 
r12=00000004 r13=00000004 r14=00000004 r15=00000004 
r16=00000004 r17=00000004 r18=00000004 r19=00000004 
r20=00000004 r21=00000004 r22=00000004 r23=00000004 
r24=00000004 r25=00000004 r26=00000004 r27=00000004 
r28=00000004 r29=00000004 r30=00000004 r31=00000004 

